<?xml version="1.0" encoding="UTF-8"?>
<testsuite xmlns:xsi="http://www.w3.org/2001/XMLSchema-instance" xsi:schemaLocation="https://maven.apache.org/surefire/maven-surefire-plugin/xsd/surefire-test-report.xsd" name="org.mybatis.generator.XmlCodeGenerationTest" time="1.378" tests="110" errors="0" skipped="0" failures="0">
  <properties>
    <property name="idea.version" value="2017.1"/>
    <property name="java.runtime.name" value="Java(TM) SE Runtime Environment"/>
    <property name="sun.boot.library.path" value="D:\jdk1.8\jre\bin"/>
    <property name="java.vm.version" value="25.77-b03"/>
    <property name="java.vm.vendor" value="Oracle Corporation"/>
    <property name="maven.multiModuleProjectDirectory" value="D:\generator-master\core\mybatis-generator-core"/>
    <property name="java.vendor.url" value="http://java.oracle.com/"/>
    <property name="path.separator" value=";"/>
    <property name="guice.disable.misplaced.annotation.check" value="true"/>
    <property name="java.vm.name" value="Java HotSpot(TM) 64-Bit Server VM"/>
    <property name="file.encoding.pkg" value="sun.io"/>
    <property name="user.script" value=""/>
    <property name="user.country" value="CN"/>
    <property name="sun.java.launcher" value="SUN_STANDARD"/>
    <property name="sun.os.patch.level" value=""/>
    <property name="java.vm.specification.name" value="Java Virtual Machine Specification"/>
    <property name="user.dir" value="D:\generator-master\core\mybatis-generator-core"/>
    <property name="java.runtime.version" value="1.8.0_77-b03"/>
    <property name="java.awt.graphicsenv" value="sun.awt.Win32GraphicsEnvironment"/>
    <property name="java.endorsed.dirs" value="D:\jdk1.8\jre\lib\endorsed"/>
    <property name="os.arch" value="amd64"/>
    <property name="java.io.tmpdir" value="C:\Users\yanwe\AppData\Local\Temp\"/>
    <property name="line.separator" value="&#10;"/>
    <property name="java.vm.specification.vendor" value="Oracle Corporation"/>
    <property name="user.variant" value=""/>
    <property name="os.name" value="Windows 10"/>
    <property name="classworlds.conf" value="D:\IntelliJ IDEA 2017.1\plugins\maven\lib\maven3\bin\m2.conf"/>
    <property name="sun.jnu.encoding" value="GBK"/>
    <property name="java.library.path" value="D:\jdk1.8\bin;C:\WINDOWS\Sun\Java\bin;C:\WINDOWS\system32;C:\WINDOWS;C:\Program Files (x86)\Intel\iCLS Client\;C:\Program Files\Intel\iCLS Client\;C:\Windows\system32;C:\Windows;C:\Windows\System32\Wbem;C:\Windows\System32\WindowsPowerShell\v1.0\;C:\Program Files (x86)\Common Files\lenovo\easyplussdk\bin;C:\Program Files (x86)\NVIDIA Corporation\PhysX\Common;C:\Program Files (x86)\Intel\Intel(R) Management Engine Components\DAL;C:\Program Files\Intel\Intel(R) Management Engine Components\DAL;C:\Program Files (x86)\Intel\Intel(R) Management Engine Components\IPT;C:\Program Files\Intel\Intel(R) Management Engine Components\IPT;D:\jdk1.8\bin;C:\WINDOWS\system32;C:\WINDOWS;C:\WINDOWS\System32\Wbem;C:\WINDOWS\System32\WindowsPowerShell\v1.0\;D:\Nodejs\;D:\Git\bin;C:\Users\yanwe\AppData\Local\Programs\Python\Python35-32\Scripts\;C:\Users\yanwe\AppData\Local\Programs\Python\Python35-32\;C:\Users\yanwe\AppData\Local\Microsoft\WindowsApps;D:\gradle\bin;D:\protoclo;C:\Users\yanwe\AppData\Roaming\npm;;."/>
    <property name="java.specification.name" value="Java Platform API Specification"/>
    <property name="java.class.version" value="52.0"/>
    <property name="sun.management.compiler" value="HotSpot 64-Bit Tiered Compilers"/>
    <property name="os.version" value="10.0"/>
    <property name="user.home" value="C:\Users\yanwe"/>
    <property name="user.timezone" value="Asia/Shanghai"/>
    <property name="java.awt.printerjob" value="sun.awt.windows.WPrinterJob"/>
    <property name="java.specification.version" value="1.8"/>
    <property name="file.encoding" value="UTF-8"/>
    <property name="user.name" value="yanwe"/>
    <property name="java.class.path" value="D:\IntelliJ IDEA 2017.1\plugins\maven\lib\maven3\boot\plexus-classworlds-2.5.2.jar;D:\IntelliJ IDEA 2017.1\lib\idea_rt.jar"/>
    <property name="java.vm.specification.version" value="1.8"/>
    <property name="sun.arch.data.model" value="64"/>
    <property name="java.home" value="D:\jdk1.8\jre"/>
    <property name="sun.java.command" value="org.codehaus.classworlds.Launcher -Didea.version=2017.1 install"/>
    <property name="java.specification.vendor" value="Oracle Corporation"/>
    <property name="user.language" value="zh"/>
    <property name="awt.toolkit" value="sun.awt.windows.WToolkit"/>
    <property name="java.vm.info" value="mixed mode"/>
    <property name="java.version" value="1.8.0_77"/>
    <property name="java.ext.dirs" value="D:\jdk1.8\jre\lib\ext;C:\WINDOWS\Sun\Java\lib\ext"/>
    <property name="sun.boot.class.path" value="D:\jdk1.8\jre\lib\resources.jar;D:\jdk1.8\jre\lib\rt.jar;D:\jdk1.8\jre\lib\sunrsasign.jar;D:\jdk1.8\jre\lib\jsse.jar;D:\jdk1.8\jre\lib\jce.jar;D:\jdk1.8\jre\lib\charsets.jar;D:\jdk1.8\jre\lib\jfr.jar;D:\jdk1.8\jre\classes"/>
    <property name="java.vendor" value="Oracle Corporation"/>
    <property name="maven.home" value="D:\IntelliJ IDEA 2017.1\plugins\maven\lib\maven3"/>
    <property name="file.separator" value="\"/>
    <property name="java.vendor.url.bug" value="http://bugreport.sun.com/bugreport/"/>
    <property name="sun.cpu.endian" value="little"/>
    <property name="sun.io.unicode.encoding" value="UnicodeLittle"/>
    <property name="sun.desktop" value="windows"/>
    <property name="sun.cpu.isalist" value="amd64"/>
  </properties>
  <testcase name="testXmlParse[0]" classname="org.mybatis.generator.XmlCodeGenerationTest" time="0.008"/>
  <testcase name="testXmlParse[1]" classname="org.mybatis.generator.XmlCodeGenerationTest" time="0.006"/>
  <testcase name="testXmlParse[2]" classname="org.mybatis.generator.XmlCodeGenerationTest" time="0.003"/>
  <testcase name="testXmlParse[3]" classname="org.mybatis.generator.XmlCodeGenerationTest" time="0.006"/>
  <testcase name="testXmlParse[4]" classname="org.mybatis.generator.XmlCodeGenerationTest" time="0.008"/>
  <testcase name="testXmlParse[5]" classname="org.mybatis.generator.XmlCodeGenerationTest" time="0.001"/>
  <testcase name="testXmlParse[6]" classname="org.mybatis.generator.XmlCodeGenerationTest" time="0.003"/>
  <testcase name="testXmlParse[7]" classname="org.mybatis.generator.XmlCodeGenerationTest" time="0.003"/>
  <testcase name="testXmlParse[8]" classname="org.mybatis.generator.XmlCodeGenerationTest" time="0.002"/>
  <testcase name="testXmlParse[9]" classname="org.mybatis.generator.XmlCodeGenerationTest" time="0.002"/>
  <testcase name="testXmlParse[10]" classname="org.mybatis.generator.XmlCodeGenerationTest" time="0.003"/>
  <testcase name="testXmlParse[11]" classname="org.mybatis.generator.XmlCodeGenerationTest" time="0.004"/>
  <testcase name="testXmlParse[12]" classname="org.mybatis.generator.XmlCodeGenerationTest" time="0.003"/>
  <testcase name="testXmlParse[13]" classname="org.mybatis.generator.XmlCodeGenerationTest" time="0.003"/>
  <testcase name="testXmlParse[14]" classname="org.mybatis.generator.XmlCodeGenerationTest" time="0.005"/>
  <testcase name="testXmlParse[15]" classname="org.mybatis.generator.XmlCodeGenerationTest" time="0.003"/>
  <testcase name="testXmlParse[16]" classname="org.mybatis.generator.XmlCodeGenerationTest" time="0.002"/>
  <testcase name="testXmlParse[17]" classname="org.mybatis.generator.XmlCodeGenerationTest" time="0.002"/>
  <testcase name="testXmlParse[18]" classname="org.mybatis.generator.XmlCodeGenerationTest" time="0.005"/>
  <testcase name="testXmlParse[19]" classname="org.mybatis.generator.XmlCodeGenerationTest" time="0.003"/>
  <testcase name="testXmlParse[20]" classname="org.mybatis.generator.XmlCodeGenerationTest" time="0.003"/>
  <testcase name="testXmlParse[21]" classname="org.mybatis.generator.XmlCodeGenerationTest" time="0.002"/>
  <testcase name="testXmlParse[22]" classname="org.mybatis.generator.XmlCodeGenerationTest" time="0.004"/>
  <testcase name="testXmlParse[23]" classname="org.mybatis.generator.XmlCodeGenerationTest" time="0.004"/>
  <testcase name="testXmlParse[24]" classname="org.mybatis.generator.XmlCodeGenerationTest" time="0.003"/>
  <testcase name="testXmlParse[25]" classname="org.mybatis.generator.XmlCodeGenerationTest" time="0.003"/>
  <testcase name="testXmlParse[26]" classname="org.mybatis.generator.XmlCodeGenerationTest" time="0.002"/>
  <testcase name="testXmlParse[27]" classname="org.mybatis.generator.XmlCodeGenerationTest" time="0.003"/>
  <testcase name="testXmlParse[28]" classname="org.mybatis.generator.XmlCodeGenerationTest" time="0.004"/>
  <testcase name="testXmlParse[29]" classname="org.mybatis.generator.XmlCodeGenerationTest" time="0.003"/>
  <testcase name="testXmlParse[30]" classname="org.mybatis.generator.XmlCodeGenerationTest" time="0.004"/>
  <testcase name="testXmlParse[31]" classname="org.mybatis.generator.XmlCodeGenerationTest" time="0.009"/>
  <testcase name="testXmlParse[32]" classname="org.mybatis.generator.XmlCodeGenerationTest" time="0.002"/>
  <testcase name="testXmlParse[33]" classname="org.mybatis.generator.XmlCodeGenerationTest" time="0.001"/>
  <testcase name="testXmlParse[34]" classname="org.mybatis.generator.XmlCodeGenerationTest" time="0.002"/>
  <testcase name="testXmlParse[35]" classname="org.mybatis.generator.XmlCodeGenerationTest" time="0.006"/>
  <testcase name="testXmlParse[36]" classname="org.mybatis.generator.XmlCodeGenerationTest" time="0.002"/>
  <testcase name="testXmlParse[37]" classname="org.mybatis.generator.XmlCodeGenerationTest" time="0.003"/>
  <testcase name="testXmlParse[38]" classname="org.mybatis.generator.XmlCodeGenerationTest" time="0.004"/>
  <testcase name="testXmlParse[39]" classname="org.mybatis.generator.XmlCodeGenerationTest" time="0.003"/>
  <testcase name="testXmlParse[40]" classname="org.mybatis.generator.XmlCodeGenerationTest" time="0.01"/>
  <testcase name="testXmlParse[41]" classname="org.mybatis.generator.XmlCodeGenerationTest" time="0.002"/>
  <testcase name="testXmlParse[42]" classname="org.mybatis.generator.XmlCodeGenerationTest" time="0.003"/>
  <testcase name="testXmlParse[43]" classname="org.mybatis.generator.XmlCodeGenerationTest" time="0.002"/>
  <testcase name="testXmlParse[44]" classname="org.mybatis.generator.XmlCodeGenerationTest" time="0.019"/>
  <testcase name="testXmlParse[45]" classname="org.mybatis.generator.XmlCodeGenerationTest" time="0"/>
  <testcase name="testXmlParse[46]" classname="org.mybatis.generator.XmlCodeGenerationTest" time="0"/>
  <testcase name="testXmlParse[47]" classname="org.mybatis.generator.XmlCodeGenerationTest" time="0"/>
  <testcase name="testXmlParse[48]" classname="org.mybatis.generator.XmlCodeGenerationTest" time="0"/>
  <testcase name="testXmlParse[49]" classname="org.mybatis.generator.XmlCodeGenerationTest" time="0"/>
  <testcase name="testXmlParse[50]" classname="org.mybatis.generator.XmlCodeGenerationTest" time="0.004"/>
  <testcase name="testXmlParse[51]" classname="org.mybatis.generator.XmlCodeGenerationTest" time="0.005"/>
  <testcase name="testXmlParse[52]" classname="org.mybatis.generator.XmlCodeGenerationTest" time="0.001"/>
  <testcase name="testXmlParse[53]" classname="org.mybatis.generator.XmlCodeGenerationTest" time="0.002"/>
  <testcase name="testXmlParse[54]" classname="org.mybatis.generator.XmlCodeGenerationTest" time="0.003"/>
  <testcase name="testXmlParse[55]" classname="org.mybatis.generator.XmlCodeGenerationTest" time="0.003"/>
  <testcase name="testXmlParse[56]" classname="org.mybatis.generator.XmlCodeGenerationTest" time="0.002"/>
  <testcase name="testXmlParse[57]" classname="org.mybatis.generator.XmlCodeGenerationTest" time="0.003"/>
  <testcase name="testXmlParse[58]" classname="org.mybatis.generator.XmlCodeGenerationTest" time="0.002"/>
  <testcase name="testXmlParse[59]" classname="org.mybatis.generator.XmlCodeGenerationTest" time="0.002"/>
  <testcase name="testXmlParse[60]" classname="org.mybatis.generator.XmlCodeGenerationTest" time="0.002"/>
  <testcase name="testXmlParse[61]" classname="org.mybatis.generator.XmlCodeGenerationTest" time="0.002"/>
  <testcase name="testXmlParse[62]" classname="org.mybatis.generator.XmlCodeGenerationTest" time="0.003"/>
  <testcase name="testXmlParse[63]" classname="org.mybatis.generator.XmlCodeGenerationTest" time="0.002"/>
  <testcase name="testXmlParse[64]" classname="org.mybatis.generator.XmlCodeGenerationTest" time="0.002"/>
  <testcase name="testXmlParse[65]" classname="org.mybatis.generator.XmlCodeGenerationTest" time="0.002"/>
  <testcase name="testXmlParse[66]" classname="org.mybatis.generator.XmlCodeGenerationTest" time="0.003"/>
  <testcase name="testXmlParse[67]" classname="org.mybatis.generator.XmlCodeGenerationTest" time="0.002"/>
  <testcase name="testXmlParse[68]" classname="org.mybatis.generator.XmlCodeGenerationTest" time="0.003"/>
  <testcase name="testXmlParse[69]" classname="org.mybatis.generator.XmlCodeGenerationTest" time="0.004"/>
  <testcase name="testXmlParse[70]" classname="org.mybatis.generator.XmlCodeGenerationTest" time="0.002"/>
  <testcase name="testXmlParse[71]" classname="org.mybatis.generator.XmlCodeGenerationTest" time="0.001"/>
  <testcase name="testXmlParse[72]" classname="org.mybatis.generator.XmlCodeGenerationTest" time="0.002"/>
  <testcase name="testXmlParse[73]" classname="org.mybatis.generator.XmlCodeGenerationTest" time="0.002"/>
  <testcase name="testXmlParse[74]" classname="org.mybatis.generator.XmlCodeGenerationTest" time="0.002"/>
  <testcase name="testXmlParse[75]" classname="org.mybatis.generator.XmlCodeGenerationTest" time="0.003"/>
  <testcase name="testXmlParse[76]" classname="org.mybatis.generator.XmlCodeGenerationTest" time="0.002"/>
  <testcase name="testXmlParse[77]" classname="org.mybatis.generator.XmlCodeGenerationTest" time="0.003"/>
  <testcase name="testXmlParse[78]" classname="org.mybatis.generator.XmlCodeGenerationTest" time="0.001"/>
  <testcase name="testXmlParse[79]" classname="org.mybatis.generator.XmlCodeGenerationTest" time="0.001"/>
  <testcase name="testXmlParse[80]" classname="org.mybatis.generator.XmlCodeGenerationTest" time="0.001"/>
  <testcase name="testXmlParse[81]" classname="org.mybatis.generator.XmlCodeGenerationTest" time="0.001"/>
  <testcase name="testXmlParse[82]" classname="org.mybatis.generator.XmlCodeGenerationTest" time="0.001"/>
  <testcase name="testXmlParse[83]" classname="org.mybatis.generator.XmlCodeGenerationTest" time="0.006"/>
  <testcase name="testXmlParse[84]" classname="org.mybatis.generator.XmlCodeGenerationTest" time="0"/>
  <testcase name="testXmlParse[85]" classname="org.mybatis.generator.XmlCodeGenerationTest" time="0.005"/>
  <testcase name="testXmlParse[86]" classname="org.mybatis.generator.XmlCodeGenerationTest" time="0"/>
  <testcase name="testXmlParse[87]" classname="org.mybatis.generator.XmlCodeGenerationTest" time="0.002"/>
  <testcase name="testXmlParse[88]" classname="org.mybatis.generator.XmlCodeGenerationTest" time="0.002"/>
  <testcase name="testXmlParse[89]" classname="org.mybatis.generator.XmlCodeGenerationTest" time="0.002"/>
  <testcase name="testXmlParse[90]" classname="org.mybatis.generator.XmlCodeGenerationTest" time="0.002"/>
  <testcase name="testXmlParse[91]" classname="org.mybatis.generator.XmlCodeGenerationTest" time="0.004"/>
  <testcase name="testXmlParse[92]" classname="org.mybatis.generator.XmlCodeGenerationTest" time="0"/>
  <testcase name="testXmlParse[93]" classname="org.mybatis.generator.XmlCodeGenerationTest" time="0.001"/>
  <testcase name="testXmlParse[94]" classname="org.mybatis.generator.XmlCodeGenerationTest" time="0.002"/>
  <testcase name="testXmlParse[95]" classname="org.mybatis.generator.XmlCodeGenerationTest" time="0.003"/>
  <testcase name="testXmlParse[96]" classname="org.mybatis.generator.XmlCodeGenerationTest" time="0.002"/>
  <testcase name="testXmlParse[97]" classname="org.mybatis.generator.XmlCodeGenerationTest" time="0.008"/>
  <testcase name="testXmlParse[98]" classname="org.mybatis.generator.XmlCodeGenerationTest" time="0.003"/>
  <testcase name="testXmlParse[99]" classname="org.mybatis.generator.XmlCodeGenerationTest" time="0.003"/>
  <testcase name="testXmlParse[100]" classname="org.mybatis.generator.XmlCodeGenerationTest" time="0.002"/>
  <testcase name="testXmlParse[101]" classname="org.mybatis.generator.XmlCodeGenerationTest" time="0.003"/>
  <testcase name="testXmlParse[102]" classname="org.mybatis.generator.XmlCodeGenerationTest" time="0.003"/>
  <testcase name="testXmlParse[103]" classname="org.mybatis.generator.XmlCodeGenerationTest" time="0.003"/>
  <testcase name="testXmlParse[104]" classname="org.mybatis.generator.XmlCodeGenerationTest" time="0.002"/>
  <testcase name="testXmlParse[105]" classname="org.mybatis.generator.XmlCodeGenerationTest" time="0.002"/>
  <testcase name="testXmlParse[106]" classname="org.mybatis.generator.XmlCodeGenerationTest" time="0.004"/>
  <testcase name="testXmlParse[107]" classname="org.mybatis.generator.XmlCodeGenerationTest" time="0.002"/>
  <testcase name="testXmlParse[108]" classname="org.mybatis.generator.XmlCodeGenerationTest" time="0.003"/>
  <testcase name="testXmlParse[109]" classname="org.mybatis.generator.XmlCodeGenerationTest" time="0.001"/>
</testsuite>